TN:
SF:src\App.vue
FN:15,_interopRequireWildcard
FN:17,(anonymous_1)
FN:29,(anonymous_2)
FN:47,(anonymous_3)
FN:49,(anonymous_4)
FN:56,(anonymous_5)
FN:58,(anonymous_6)
FN:65,(anonymous_7)
FN:67,(anonymous_8)
FN:70,(anonymous_9)
FN:79,(anonymous_10)
FN:84,(anonymous_11)
FN:110,render
FN:120,(anonymous_13)
FN:121,(anonymous_14)
FN:125,(anonymous_15)
FN:131,(anonymous_16)
FN:133,(anonymous_17)
FN:135,(anonymous_18)
FN:138,(anonymous_19)
FNF:20
FNH:0
FNDA:0,_interopRequireWildcard
FNDA:0,(anonymous_1)
FNDA:0,(anonymous_2)
FNDA:0,(anonymous_3)
FNDA:0,(anonymous_4)
FNDA:0,(anonymous_5)
FNDA:0,(anonymous_6)
FNDA:0,(anonymous_7)
FNDA:0,(anonymous_8)
FNDA:0,(anonymous_9)
FNDA:0,(anonymous_10)
FNDA:0,(anonymous_11)
FNDA:0,render
FNDA:0,(anonymous_13)
FNDA:0,(anonymous_14)
FNDA:0,(anonymous_15)
FNDA:0,(anonymous_16)
FNDA:0,(anonymous_17)
FNDA:0,(anonymous_18)
FNDA:0,(anonymous_19)
DA:4,3
DA:7,3
DA:15,0
DA:16,3
DA:18,0
DA:30,0
DA:49,0
DA:58,0
DA:67,0
DA:72,0
DA:75,0
DA:78,0
DA:79,0
DA:80,0
DA:86,0
DA:87,0
DA:88,0
DA:89,0
DA:91,0
DA:92,0
DA:93,0
DA:103,3
DA:105,3
DA:108,3
DA:109,3
DA:111,0
DA:112,0
DA:113,0
DA:114,0
DA:115,0
DA:116,0
DA:117,0
DA:118,0
DA:119,0
DA:120,0
DA:121,0
DA:125,0
DA:131,0
DA:133,0
DA:135,0
DA:138,0
DA:145,3
LF:42
LH:8
BRDA:15,0,0,0
BRDA:15,0,1,0
BRDA:15,1,0,0
BRDA:15,1,1,0
BRDA:15,1,2,0
BRDA:15,2,0,0
BRDA:15,2,1,0
BRDA:15,3,0,0
BRDA:15,3,1,0
BRDA:15,3,2,0
BRDA:15,4,0,0
BRDA:15,4,1,0
BRDA:15,5,0,0
BRDA:15,5,1,0
BRDA:15,6,0,0
BRDA:15,6,1,0
BRDA:15,7,0,0
BRDA:15,7,1,0
BRDA:15,8,0,0
BRDA:15,8,1,0
BRDA:15,9,0,0
BRDA:15,9,1,0
BRDA:15,10,0,0
BRDA:15,10,1,0
BRDA:15,11,0,0
BRDA:15,11,1,0
BRDA:15,11,2,0
BRDA:15,12,0,0
BRDA:15,12,1,0
BRDA:86,13,0,0
BRDA:86,13,1,0
BRDA:121,14,0,0
BRDA:121,14,1,0
BRDA:125,15,0,0
BRDA:125,15,1,0
BRDA:133,16,0,0
BRDA:133,16,1,0
BRDA:135,17,0,0
BRDA:135,17,1,0
BRF:39
BRH:0
end_of_record
TN:
SF:src\main.js
FNF:0
FNH:0
DA:18,3
DA:19,3
DA:21,3
DA:27,3
DA:30,3
DA:40,3
DA:41,3
LF:7
LH:7
BRF:0
BRH:0
end_of_record
TN:
SF:src\axios\axios.js
FN:12,(anonymous_0)
FN:15,(anonymous_1)
FNF:2
FNH:1
FNDA:3,(anonymous_0)
FNDA:0,(anonymous_1)
DA:4,3
DA:12,3
DA:13,3
DA:14,3
DA:16,0
LF:5
LH:4
BRF:0
BRH:0
end_of_record
TN:
SF:src\modules\homeModules\layouts\HomeLayout.vue
FN:8,render
FNF:1
FNH:0
FNDA:0,render
DA:3,4
DA:6,4
DA:7,4
DA:9,0
DA:10,0
DA:11,4
LF:6
LH:4
BRF:0
BRH:0
end_of_record
TN:
SF:src\modules\homeModules\pages\ContacUser.vue
FN:77,render
FN:92,(anonymous_1)
FN:96,(anonymous_2)
FN:99,(anonymous_3)
FN:107,(anonymous_4)
FN:110,(anonymous_5)
FN:113,(anonymous_6)
FN:114,(anonymous_7)
FN:117,(anonymous_8)
FN:118,(anonymous_9)
FN:120,(anonymous_10)
FN:127,(anonymous_11)
FN:135,(anonymous_12)
FN:142,(anonymous_13)
FN:154,(anonymous_14)
FN:167,(anonymous_15)
FN:170,(anonymous_16)
FN:173,(anonymous_17)
FN:174,(anonymous_18)
FN:175,(anonymous_19)
FN:180,(anonymous_20)
FN:181,(anonymous_21)
FN:186,(anonymous_22)
FN:187,(anonymous_23)
FNF:24
FNH:20
FNDA:3,render
FNDA:3,(anonymous_1)
FNDA:3,(anonymous_2)
FNDA:3,(anonymous_3)
FNDA:3,(anonymous_4)
FNDA:3,(anonymous_5)
FNDA:3,(anonymous_6)
FNDA:3,(anonymous_7)
FNDA:3,(anonymous_8)
FNDA:8,(anonymous_9)
FNDA:0,(anonymous_10)
FNDA:0,(anonymous_11)
FNDA:0,(anonymous_12)
FNDA:0,(anonymous_13)
FNDA:8,(anonymous_14)
FNDA:3,(anonymous_15)
FNDA:3,(anonymous_16)
FNDA:3,(anonymous_17)
FNDA:3,(anonymous_18)
FNDA:3,(anonymous_19)
FNDA:3,(anonymous_20)
FNDA:3,(anonymous_21)
FNDA:3,(anonymous_22)
FNDA:3,(anonymous_23)
DA:4,1
DA:7,1
DA:70,1
DA:72,1
DA:75,1
DA:76,1
DA:78,3
DA:79,3
DA:80,3
DA:81,3
DA:82,3
DA:83,3
DA:84,3
DA:85,3
DA:86,3
DA:87,3
DA:88,3
DA:89,3
DA:90,3
DA:91,3
DA:92,3
DA:96,3
DA:99,3
DA:107,3
DA:110,3
DA:113,3
DA:114,3
DA:117,3
DA:118,8
DA:120,0
DA:127,0
DA:135,0
DA:142,0
DA:154,8
DA:167,3
DA:170,3
DA:173,3
DA:174,3
DA:175,3
DA:180,3
DA:181,3
DA:186,3
DA:187,3
DA:202,1
LF:44
LH:40
BRDA:99,0,0,3
BRDA:99,0,1,3
BRDA:114,1,0,3
BRDA:114,1,1,3
BRDA:120,2,0,8
BRDA:120,2,1,3
BRDA:127,3,0,8
BRDA:127,3,1,3
BRDA:135,4,0,8
BRDA:135,4,1,3
BRDA:142,5,0,8
BRDA:142,5,1,3
BRDA:154,6,0,8
BRDA:154,6,1,3
BRDA:170,7,0,3
BRDA:170,7,1,3
BRDA:175,8,0,3
BRDA:175,8,1,3
BRDA:177,9,0,3
BRDA:177,9,1,3
BRDA:181,10,0,3
BRDA:181,10,1,3
BRDA:183,11,0,3
BRDA:183,11,1,3
BRDA:187,12,0,3
BRDA:187,12,1,3
BRDA:189,13,0,3
BRDA:189,13,1,3
BRF:28
BRH:28
end_of_record
TN:
SF:src\modules\homeModules\pages\FreqAnswers.vue
FN:66,render
FN:78,(anonymous_1)
FN:83,(anonymous_2)
FN:88,(anonymous_3)
FN:95,(anonymous_4)
FN:98,(anonymous_5)
FN:102,(anonymous_6)
FN:106,(anonymous_7)
FN:109,(anonymous_8)
FN:109,(anonymous_9)
FN:124,(anonymous_10)
FN:128,(anonymous_11)
FN:131,(anonymous_12)
FN:131,(anonymous_13)
FNF:14
FNH:8
FNDA:5,render
FNDA:5,(anonymous_1)
FNDA:8,(anonymous_2)
FNDA:6,(anonymous_3)
FNDA:2,(anonymous_4)
FNDA:8,(anonymous_5)
FNDA:8,(anonymous_6)
FNDA:0,(anonymous_7)
FNDA:0,(anonymous_8)
FNDA:0,(anonymous_9)
FNDA:8,(anonymous_10)
FNDA:0,(anonymous_11)
FNDA:0,(anonymous_12)
FNDA:0,(anonymous_13)
DA:4,1
DA:7,1
DA:56,1
DA:58,1
DA:61,1
DA:62,1
DA:63,1
DA:67,5
DA:68,5
DA:69,5
DA:70,5
DA:71,5
DA:72,5
DA:73,5
DA:74,5
DA:75,5
DA:78,5
DA:83,8
DA:88,6
DA:95,2
DA:98,8
DA:102,8
DA:106,0
DA:109,0
DA:110,0
DA:124,8
DA:128,0
DA:131,0
DA:132,0
DA:147,1
LF:30
LH:24
BRDA:83,0,0,6
BRDA:83,0,1,2
BRDA:90,1,0,2
BRDA:90,1,1,6
BRDA:106,2,0,8
BRDA:106,2,1,5
BRDA:128,3,0,8
BRDA:128,3,1,5
BRF:8
BRH:8
end_of_record
TN:
SF:src\modules\homeModules\pages\HomeUserCopy.vue
FN:12,_interopRequireWildcard
FN:21,(anonymous_1)
FN:23,(anonymous_2)
FN:30,(anonymous_3)
FN:32,(anonymous_4)
FN:39,(anonymous_5)
FN:41,(anonymous_6)
FN:48,(anonymous_7)
FN:50,(anonymous_8)
FN:57,(anonymous_9)
FN:59,(anonymous_10)
FN:61,(anonymous_11)
FN:79,render
FN:95,(anonymous_13)
FN:96,(anonymous_14)
FN:100,(anonymous_15)
FN:107,(anonymous_16)
FN:107,(anonymous_17)
FN:120,(anonymous_18)
FN:124,(anonymous_19)
FNF:20
FNH:0
FNDA:0,_interopRequireWildcard
FNDA:0,(anonymous_1)
FNDA:0,(anonymous_2)
FNDA:0,(anonymous_3)
FNDA:0,(anonymous_4)
FNDA:0,(anonymous_5)
FNDA:0,(anonymous_6)
FNDA:0,(anonymous_7)
FNDA:0,(anonymous_8)
FNDA:0,(anonymous_9)
FNDA:0,(anonymous_10)
FNDA:0,(anonymous_11)
FNDA:0,render
FNDA:0,(anonymous_13)
FNDA:0,(anonymous_14)
FNDA:0,(anonymous_15)
FNDA:0,(anonymous_16)
FNDA:0,(anonymous_17)
FNDA:0,(anonymous_18)
FNDA:0,(anonymous_19)
DA:4,4
DA:7,4
DA:12,0
DA:13,4
DA:23,0
DA:32,0
DA:41,0
DA:50,0
DA:59,0
DA:62,0
DA:69,4
DA:71,4
DA:74,4
DA:75,4
DA:76,4
DA:80,0
DA:81,0
DA:82,0
DA:83,0
DA:84,0
DA:85,0
DA:86,0
DA:87,0
DA:88,0
DA:89,0
DA:90,0
DA:91,0
DA:95,0
DA:96,0
DA:100,0
DA:107,0
DA:108,0
DA:120,0
DA:124,0
DA:135,4
LF:35
LH:9
BRDA:12,0,0,0
BRDA:12,0,1,0
BRDA:12,1,0,0
BRDA:12,1,1,0
BRDA:12,1,2,0
BRDA:12,2,0,0
BRDA:12,2,1,0
BRDA:12,3,0,0
BRDA:12,3,1,0
BRDA:12,3,2,0
BRDA:12,4,0,0
BRDA:12,4,1,0
BRDA:12,5,0,0
BRDA:12,5,1,0
BRDA:12,6,0,0
BRDA:12,6,1,0
BRDA:12,7,0,0
BRDA:12,7,1,0
BRDA:12,8,0,0
BRDA:12,8,1,0
BRDA:12,9,0,0
BRDA:12,9,1,0
BRDA:12,10,0,0
BRDA:12,10,1,0
BRDA:12,11,0,0
BRDA:12,11,1,0
BRDA:12,11,2,0
BRDA:12,12,0,0
BRDA:12,12,1,0
BRDA:120,13,0,0
BRDA:120,13,1,0
BRDA:120,14,0,0
BRDA:120,14,1,0
BRDA:120,15,0,0
BRDA:120,15,1,0
BRDA:124,16,0,0
BRDA:124,16,1,0
BRDA:132,17,0,0
BRDA:132,17,1,0
BRDA:132,18,0,0
BRDA:132,18,1,0
BRDA:132,19,0,0
BRDA:132,19,1,0
BRDA:132,20,0,0
BRDA:132,20,1,0
BRDA:132,21,0,0
BRDA:132,21,1,0
BRDA:132,22,0,0
BRDA:132,22,1,0
BRDA:132,23,0,0
BRDA:132,23,1,0
BRF:51
BRH:0
end_of_record
TN:
SF:src\modules\login\pages\LoginUser.vue
FN:215,render
FN:233,(anonymous_1)
FN:240,(anonymous_2)
FN:243,(anonymous_3)
FN:249,(anonymous_4)
FN:252,(anonymous_5)
FN:256,(anonymous_6)
FN:259,(anonymous_7)
FN:264,(anonymous_8)
FN:267,(anonymous_9)
FN:269,(anonymous_10)
FN:281,(anonymous_11)
FN:294,(anonymous_12)
FN:304,(anonymous_13)
FN:307,(anonymous_14)
FN:318,(anonymous_15)
FN:327,(anonymous_16)
FNF:17
FNH:15
FNDA:5,render
FNDA:5,(anonymous_1)
FNDA:5,(anonymous_2)
FNDA:5,(anonymous_3)
FNDA:5,(anonymous_4)
FNDA:5,(anonymous_5)
FNDA:5,(anonymous_6)
FNDA:5,(anonymous_7)
FNDA:5,(anonymous_8)
FNDA:9,(anonymous_9)
FNDA:3,(anonymous_10)
FNDA:3,(anonymous_11)
FNDA:9,(anonymous_12)
FNDA:9,(anonymous_13)
FNDA:9,(anonymous_14)
FNDA:0,(anonymous_15)
FNDA:0,(anonymous_16)
DA:4,3
DA:7,3
DA:193,3
DA:195,3
DA:198,3
DA:199,3
DA:200,3
DA:203,3
DA:206,3
DA:209,3
DA:212,3
DA:216,5
DA:217,5
DA:218,5
DA:219,5
DA:220,5
DA:221,5
DA:222,5
DA:223,5
DA:224,5
DA:225,5
DA:226,5
DA:227,5
DA:228,5
DA:229,5
DA:230,5
DA:233,5
DA:240,5
DA:243,5
DA:249,5
DA:252,5
DA:256,5
DA:259,5
DA:264,5
DA:267,9
DA:269,3
DA:281,3
DA:294,9
DA:304,9
DA:307,9
DA:318,0
DA:327,0
DA:342,3
LF:43
LH:41
BRDA:269,0,0,9
BRDA:269,0,1,5
BRDA:281,1,0,9
BRDA:281,1,1,5
BRDA:285,2,0,0
BRDA:285,2,1,9
BRDA:286,3,0,0
BRDA:286,3,1,9
BRDA:307,4,0,9
BRDA:307,4,1,5
BRDA:313,5,0,5
BRDA:313,5,1,5
BRF:12
BRH:10
end_of_record
TN:
SF:src\modules\passProjects\components\projectPass.vue
FN:16,(anonymous_0)
FN:38,render
FN:50,(anonymous_2)
FN:53,(anonymous_3)
FN:63,(anonymous_4)
FN:63,(anonymous_5)
FN:67,(anonymous_6)
FN:85,(anonymous_7)
FN:88,(anonymous_8)
FN:91,(anonymous_9)
FN:96,(anonymous_10)
FN:102,(anonymous_11)
FNF:12
FNH:0
FNDA:0,(anonymous_0)
FNDA:0,render
FNDA:0,(anonymous_2)
FNDA:0,(anonymous_3)
FNDA:0,(anonymous_4)
FNDA:0,(anonymous_5)
FNDA:0,(anonymous_6)
FNDA:0,(anonymous_7)
FNDA:0,(anonymous_8)
FNDA:0,(anonymous_9)
FNDA:0,(anonymous_10)
FNDA:0,(anonymous_11)
DA:4,1
DA:7,1
DA:8,1
DA:17,0
DA:26,1
DA:28,1
DA:31,1
DA:32,1
DA:33,1
DA:39,0
DA:40,0
DA:41,0
DA:42,0
DA:43,0
DA:44,0
DA:45,0
DA:46,0
DA:47,0
DA:48,0
DA:49,0
DA:50,0
DA:53,0
DA:63,0
DA:64,0
DA:67,0
DA:85,0
DA:88,0
DA:91,0
DA:96,0
DA:102,0
DA:111,1
LF:31
LH:9
BRDA:49,0,0,0
BRDA:49,0,1,0
BRDA:102,1,0,0
BRDA:102,1,1,0
BRF:4
BRH:0
end_of_record
TN:
SF:src\modules\passProjects\pages\ProjectDestacados.vue
FN:15,_interopRequireWildcard
FN:24,(anonymous_1)
FN:26,(anonymous_2)
FN:28,(anonymous_3)
FN:38,(anonymous_4)
FN:42,(anonymous_5)
FN:44,(anonymous_6)
FN:47,(anonymous_7)
FN:54,(anonymous_8)
FN:64,(anonymous_9)
FN:75,(anonymous_10)
FN:87,render
FN:102,(anonymous_12)
FN:103,(anonymous_13)
FN:106,(anonymous_14)
FN:112,(anonymous_15)
FN:119,(anonymous_16)
FN:121,(anonymous_17)
FN:129,(anonymous_18)
FN:130,(anonymous_19)
FN:133,(anonymous_20)
FN:134,(anonymous_21)
FN:149,(anonymous_22)
FN:150,(anonymous_23)
FN:153,(anonymous_24)
FN:154,(anonymous_25)
FN:154,(anonymous_26)
FN:161,(anonymous_27)
FN:171,(anonymous_28)
FNF:29
FNH:22
FNDA:1,_interopRequireWildcard
FNDA:1,(anonymous_1)
FNDA:1,(anonymous_2)
FNDA:3,(anonymous_3)
FNDA:6,(anonymous_4)
FNDA:0,(anonymous_5)
FNDA:7,(anonymous_6)
FNDA:7,(anonymous_7)
FNDA:3,(anonymous_8)
FNDA:3,(anonymous_9)
FNDA:3,(anonymous_10)
FNDA:3,render
FNDA:3,(anonymous_12)
FNDA:3,(anonymous_13)
FNDA:3,(anonymous_14)
FNDA:3,(anonymous_15)
FNDA:6,(anonymous_16)
FNDA:0,(anonymous_17)
FNDA:0,(anonymous_18)
FNDA:0,(anonymous_19)
FNDA:0,(anonymous_20)
FNDA:0,(anonymous_21)
FNDA:3,(anonymous_22)
FNDA:3,(anonymous_23)
FNDA:6,(anonymous_24)
FNDA:7,(anonymous_25)
FNDA:4,(anonymous_26)
FNDA:4,(anonymous_27)
FNDA:0,(anonymous_28)
DA:4,1
DA:7,1
DA:15,1
DA:16,1
DA:26,1
DA:29,3
DA:39,6
DA:40,6
DA:42,0
DA:45,7
DA:48,7
DA:49,7
DA:50,7
DA:55,3
DA:56,3
DA:59,3
DA:61,0
DA:65,3
DA:66,3
DA:69,3
DA:71,0
DA:76,3
DA:77,3
DA:80,1
DA:82,1
DA:85,1
DA:86,1
DA:88,3
DA:89,3
DA:90,3
DA:91,3
DA:92,3
DA:93,3
DA:94,3
DA:95,3
DA:96,3
DA:102,3
DA:103,3
DA:106,3
DA:112,3
DA:119,6
DA:121,0
DA:129,0
DA:130,0
DA:133,0
DA:134,0
DA:149,3
DA:150,3
DA:153,6
DA:154,7
DA:155,4
DA:161,4
DA:171,0
DA:181,1
LF:54
LH:45
BRDA:15,0,0,1
BRDA:15,0,1,0
BRDA:15,1,0,1
BRDA:15,1,1,1
BRDA:15,1,2,1
BRDA:15,2,0,0
BRDA:15,2,1,0
BRDA:15,3,0,0
BRDA:15,3,1,0
BRDA:15,3,2,0
BRDA:15,4,0,0
BRDA:15,4,1,0
BRDA:15,5,0,0
BRDA:15,5,1,0
BRDA:15,6,0,0
BRDA:15,6,1,0
BRDA:15,7,0,0
BRDA:15,7,1,0
BRDA:15,8,0,0
BRDA:15,8,1,0
BRDA:15,9,0,0
BRDA:15,9,1,0
BRDA:15,10,0,0
BRDA:15,10,1,0
BRDA:15,11,0,0
BRDA:15,11,1,0
BRDA:15,11,2,0
BRDA:15,12,0,0
BRDA:15,12,1,0
BRDA:39,13,0,6
BRDA:39,13,1,0
BRDA:112,14,0,3
BRDA:112,14,1,3
BRDA:121,15,0,6
BRDA:121,15,1,3
BRDA:130,16,0,0
BRDA:130,16,1,0
BRDA:134,17,0,0
BRDA:134,17,1,0
BRDA:168,18,0,0
BRDA:168,18,1,6
BRDA:171,19,0,0
BRDA:171,19,1,0
BRF:43
BRH:10
end_of_record
TN:
SF:src\modules\profile\layouts\ProfileLayout.vue
FN:8,render
FNF:1
FNH:0
FNDA:0,render
DA:3,2
DA:6,2
DA:7,2
DA:9,0
DA:10,0
DA:11,2
LF:6
LH:4
BRF:0
BRH:0
end_of_record
TN:
SF:src\modules\profile\pages\EditProfile.vue
FN:175,render
FN:188,(anonymous_1)
FN:189,(anonymous_2)
FN:193,(anonymous_3)
FN:194,(anonymous_4)
FN:195,(anonymous_5)
FN:199,(anonymous_6)
FN:201,(anonymous_7)
FN:213,(anonymous_8)
FN:215,(anonymous_9)
FN:227,(anonymous_10)
FN:229,(anonymous_11)
FN:240,(anonymous_12)
FN:244,(anonymous_13)
FN:246,(anonymous_14)
FN:259,(anonymous_15)
FN:261,(anonymous_16)
FN:272,(anonymous_17)
FN:276,(anonymous_18)
FN:278,(anonymous_19)
FN:291,(anonymous_20)
FN:293,(anonymous_21)
FN:312,(anonymous_22)
FN:313,(anonymous_23)
FN:315,(anonymous_24)
FN:323,(anonymous_25)
FN:332,(anonymous_26)
FN:336,(anonymous_27)
FN:338,(anonymous_28)
FN:350,(anonymous_29)
FN:356,(anonymous_30)
FN:364,(anonymous_31)
FN:375,(anonymous_32)
FN:390,(anonymous_33)
FN:394,(anonymous_34)
FN:399,(anonymous_35)
FN:411,(anonymous_36)
FNF:37
FNH:0
FNDA:0,render
FNDA:0,(anonymous_1)
FNDA:0,(anonymous_2)
FNDA:0,(anonymous_3)
FNDA:0,(anonymous_4)
FNDA:0,(anonymous_5)
FNDA:0,(anonymous_6)
FNDA:0,(anonymous_7)
FNDA:0,(anonymous_8)
FNDA:0,(anonymous_9)
FNDA:0,(anonymous_10)
FNDA:0,(anonymous_11)
FNDA:0,(anonymous_12)
FNDA:0,(anonymous_13)
FNDA:0,(anonymous_14)
FNDA:0,(anonymous_15)
FNDA:0,(anonymous_16)
FNDA:0,(anonymous_17)
FNDA:0,(anonymous_18)
FNDA:0,(anonymous_19)
FNDA:0,(anonymous_20)
FNDA:0,(anonymous_21)
FNDA:0,(anonymous_22)
FNDA:0,(anonymous_23)
FNDA:0,(anonymous_24)
FNDA:0,(anonymous_25)
FNDA:0,(anonymous_26)
FNDA:0,(anonymous_27)
FNDA:0,(anonymous_28)
FNDA:0,(anonymous_29)
FNDA:0,(anonymous_30)
FNDA:0,(anonymous_31)
FNDA:0,(anonymous_32)
FNDA:0,(anonymous_33)
FNDA:0,(anonymous_34)
FNDA:0,(anonymous_35)
FNDA:0,(anonymous_36)
DA:4,1
DA:7,1
DA:19,1
DA:168,1
DA:170,1
DA:173,1
DA:174,1
DA:176,0
DA:177,0
DA:178,0
DA:179,0
DA:180,0
DA:181,0
DA:182,0
DA:183,0
DA:184,0
DA:185,0
DA:186,0
DA:187,0
DA:188,0
DA:189,0
DA:193,0
DA:194,0
DA:195,0
DA:199,0
DA:201,0
DA:213,0
DA:215,0
DA:227,0
DA:229,0
DA:240,0
DA:244,0
DA:246,0
DA:259,0
DA:261,0
DA:272,0
DA:276,0
DA:278,0
DA:291,0
DA:293,0
DA:312,0
DA:313,0
DA:315,0
DA:323,0
DA:332,0
DA:336,0
DA:338,0
DA:350,0
DA:356,0
DA:364,0
DA:375,0
DA:390,0
DA:394,0
DA:399,0
DA:411,0
DA:418,1
LF:56
LH:8
BRDA:193,0,0,0
BRDA:193,0,1,0
BRDA:201,1,0,0
BRDA:201,1,1,0
BRDA:215,2,0,0
BRDA:215,2,1,0
BRDA:229,3,0,0
BRDA:229,3,1,0
BRDA:246,4,0,0
BRDA:246,4,1,0
BRDA:261,5,0,0
BRDA:261,5,1,0
BRDA:278,6,0,0
BRDA:278,6,1,0
BRDA:293,7,0,0
BRDA:293,7,1,0
BRDA:312,8,0,0
BRDA:312,8,1,0
BRDA:315,9,0,0
BRDA:315,9,1,0
BRDA:323,10,0,0
BRDA:323,10,1,0
BRDA:338,11,0,0
BRDA:338,11,1,0
BRDA:350,12,0,0
BRDA:350,12,1,0
BRDA:356,13,0,0
BRDA:356,13,1,0
BRDA:375,14,0,0
BRDA:375,14,1,0
BRDA:399,15,0,0
BRDA:399,15,1,0
BRF:32
BRH:0
end_of_record
TN:
SF:src\modules\profile\pages\ProfilePage.vue
FN:18,_interopRequireWildcard
FN:177,render
FN:190,(anonymous_2)
FN:191,(anonymous_3)
FN:196,(anonymous_4)
FN:199,(anonymous_5)
FN:210,(anonymous_6)
FN:220,(anonymous_7)
FN:228,(anonymous_8)
FN:236,(anonymous_9)
FN:247,(anonymous_10)
FN:250,(anonymous_11)
FN:251,(anonymous_12)
FN:254,(anonymous_13)
FN:255,(anonymous_14)
FN:258,(anonymous_15)
FN:265,(anonymous_16)
FN:272,(anonymous_17)
FN:275,(anonymous_18)
FN:282,(anonymous_19)
FN:289,(anonymous_20)
FN:292,(anonymous_21)
FN:299,(anonymous_22)
FN:310,(anonymous_23)
FN:311,(anonymous_24)
FN:314,(anonymous_25)
FN:315,(anonymous_26)
FN:318,(anonymous_27)
FN:325,(anonymous_28)
FN:332,(anonymous_29)
FN:335,(anonymous_30)
FN:342,(anonymous_31)
FN:359,(anonymous_32)
FNF:33
FNH:31
FNDA:0,_interopRequireWildcard
FNDA:1,render
FNDA:1,(anonymous_2)
FNDA:1,(anonymous_3)
FNDA:1,(anonymous_4)
FNDA:1,(anonymous_5)
FNDA:1,(anonymous_6)
FNDA:1,(anonymous_7)
FNDA:1,(anonymous_8)
FNDA:1,(anonymous_9)
FNDA:1,(anonymous_10)
FNDA:1,(anonymous_11)
FNDA:1,(anonymous_12)
FNDA:1,(anonymous_13)
FNDA:1,(anonymous_14)
FNDA:1,(anonymous_15)
FNDA:1,(anonymous_16)
FNDA:1,(anonymous_17)
FNDA:1,(anonymous_18)
FNDA:1,(anonymous_19)
FNDA:1,(anonymous_20)
FNDA:1,(anonymous_21)
FNDA:1,(anonymous_22)
FNDA:1,(anonymous_23)
FNDA:1,(anonymous_24)
FNDA:1,(anonymous_25)
FNDA:1,(anonymous_26)
FNDA:1,(anonymous_27)
FNDA:1,(anonymous_28)
FNDA:1,(anonymous_29)
FNDA:1,(anonymous_30)
FNDA:1,(anonymous_31)
FNDA:0,(anonymous_32)
DA:4,2
DA:7,2
DA:18,0
DA:21,2
DA:137,2
DA:139,2
DA:142,2
DA:143,2
DA:144,2
DA:147,2
DA:150,2
DA:153,2
DA:156,2
DA:159,2
DA:162,2
DA:165,2
DA:168,2
DA:171,2
DA:174,2
DA:178,1
DA:179,1
DA:180,1
DA:181,1
DA:182,1
DA:183,1
DA:184,1
DA:185,1
DA:186,1
DA:187,1
DA:188,1
DA:189,1
DA:190,1
DA:191,1
DA:196,1
DA:199,1
DA:210,1
DA:220,1
DA:228,1
DA:236,1
DA:247,1
DA:250,1
DA:251,1
DA:254,1
DA:255,1
DA:258,1
DA:265,1
DA:272,1
DA:275,1
DA:282,1
DA:289,1
DA:292,1
DA:299,1
DA:310,1
DA:311,1
DA:314,1
DA:315,1
DA:318,1
DA:325,1
DA:332,1
DA:335,1
DA:342,1
DA:359,0
DA:368,2
LF:63
LH:61
BRDA:18,0,0,0
BRDA:18,0,1,0
BRDA:18,1,0,0
BRDA:18,1,1,0
BRDA:18,1,2,0
BRDA:18,2,0,0
BRDA:18,2,1,0
BRDA:18,3,0,0
BRDA:18,3,1,0
BRDA:18,3,2,0
BRDA:18,4,0,0
BRDA:18,4,1,0
BRDA:18,5,0,0
BRDA:18,5,1,0
BRDA:18,6,0,0
BRDA:18,6,1,0
BRDA:18,7,0,0
BRDA:18,7,1,0
BRDA:18,8,0,0
BRDA:18,8,1,0
BRDA:18,9,0,0
BRDA:18,9,1,0
BRDA:18,10,0,0
BRDA:18,10,1,0
BRDA:18,11,0,0
BRDA:18,11,1,0
BRDA:18,11,2,0
BRDA:18,12,0,0
BRDA:18,12,1,0
BRDA:200,13,0,1
BRDA:200,13,1,1
BRDA:210,14,0,1
BRDA:210,14,1,1
BRDA:220,15,0,1
BRDA:220,15,1,1
BRDA:228,16,0,1
BRDA:228,16,1,1
BRDA:236,17,0,1
BRDA:236,17,1,1
BRDA:251,18,0,1
BRDA:251,18,1,1
BRDA:258,19,0,1
BRDA:258,19,1,1
BRDA:265,20,0,1
BRDA:265,20,1,1
BRDA:275,21,0,1
BRDA:275,21,1,1
BRDA:282,22,0,1
BRDA:282,22,1,1
BRDA:292,23,0,1
BRDA:292,23,1,1
BRDA:299,24,0,1
BRDA:299,24,1,1
BRDA:311,25,0,1
BRDA:311,25,1,1
BRDA:318,26,0,1
BRDA:318,26,1,1
BRDA:325,27,0,1
BRDA:325,27,1,1
BRDA:335,28,0,1
BRDA:335,28,1,1
BRDA:342,29,0,1
BRDA:342,29,1,1
BRF:63
BRH:34
end_of_record
TN:
SF:src\modules\services\pages\ServicesWindowCopy.vue
FN:15,_interopRequireWildcard
FN:25,(anonymous_1)
FN:27,(anonymous_2)
FN:34,(anonymous_3)
FN:36,(anonymous_4)
FN:38,(anonymous_5)
FN:51,(anonymous_6)
FN:54,(anonymous_7)
FN:57,(anonymous_8)
FN:61,(anonymous_9)
FN:65,(anonymous_10)
FN:73,(anonymous_11)
FN:83,(anonymous_12)
FN:89,(anonymous_13)
FN:91,(anonymous_14)
FN:96,(anonymous_15)
FN:100,(anonymous_16)
FN:106,(anonymous_17)
FN:110,(anonymous_18)
FN:122,render
FN:141,(anonymous_20)
FN:142,(anonymous_21)
FN:145,(anonymous_22)
FN:150,(anonymous_23)
FN:151,(anonymous_24)
FN:160,(anonymous_25)
FN:162,(anonymous_26)
FN:177,(anonymous_27)
FN:180,(anonymous_28)
FN:185,(anonymous_29)
FN:188,(anonymous_30)
FN:189,(anonymous_31)
FN:192,(anonymous_32)
FN:198,(anonymous_33)
FN:200,(anonymous_34)
FN:203,(anonymous_35)
FN:206,(anonymous_36)
FN:218,(anonymous_37)
FN:219,(anonymous_38)
FN:221,(anonymous_39)
FN:228,(anonymous_40)
FN:236,(anonymous_41)
FN:241,(anonymous_42)
FN:247,(anonymous_43)
FN:254,(anonymous_44)
FN:264,(anonymous_45)
FNF:46
FNH:32
FNDA:0,_interopRequireWildcard
FNDA:0,(anonymous_1)
FNDA:0,(anonymous_2)
FNDA:0,(anonymous_3)
FNDA:0,(anonymous_4)
FNDA:5,(anonymous_5)
FNDA:13,(anonymous_6)
FNDA:0,(anonymous_7)
FNDA:2,(anonymous_8)
FNDA:13,(anonymous_9)
FNDA:7,(anonymous_10)
FNDA:7,(anonymous_11)
FNDA:5,(anonymous_12)
FNDA:5,(anonymous_13)
FNDA:0,(anonymous_14)
FNDA:1,(anonymous_15)
FNDA:0,(anonymous_16)
FNDA:1,(anonymous_17)
FNDA:5,(anonymous_18)
FNDA:5,render
FNDA:5,(anonymous_20)
FNDA:5,(anonymous_21)
FNDA:5,(anonymous_22)
FNDA:5,(anonymous_23)
FNDA:5,(anonymous_24)
FNDA:6,(anonymous_25)
FNDA:0,(anonymous_26)
FNDA:5,(anonymous_27)
FNDA:5,(anonymous_28)
FNDA:5,(anonymous_29)
FNDA:10,(anonymous_30)
FNDA:10,(anonymous_31)
FNDA:0,(anonymous_32)
FNDA:10,(anonymous_33)
FNDA:5,(anonymous_34)
FNDA:0,(anonymous_35)
FNDA:5,(anonymous_36)
FNDA:10,(anonymous_37)
FNDA:14,(anonymous_38)
FNDA:14,(anonymous_39)
FNDA:14,(anonymous_40)
FNDA:0,(anonymous_41)
FNDA:0,(anonymous_42)
FNDA:7,(anonymous_43)
FNDA:7,(anonymous_44)
FNDA:0,(anonymous_45)
DA:4,1
DA:7,1
DA:15,0
DA:16,1
DA:27,0
DA:36,0
DA:39,5
DA:52,13
DA:53,13
DA:54,0
DA:56,13
DA:57,2
DA:59,13
DA:63,13
DA:67,7
DA:68,7
DA:69,7
DA:74,7
DA:77,7
DA:80,7
DA:81,7
DA:86,5
DA:89,5
DA:92,0
DA:93,0
DA:94,0
DA:97,1
DA:98,1
DA:101,0
DA:102,0
DA:107,1
DA:111,5
DA:112,5
DA:115,1
DA:117,1
DA:120,1
DA:121,1
DA:123,5
DA:124,5
DA:125,5
DA:126,5
DA:127,5
DA:128,5
DA:129,5
DA:130,5
DA:131,5
DA:132,5
DA:133,5
DA:134,5
DA:135,5
DA:141,5
DA:142,5
DA:145,5
DA:150,5
DA:151,5
DA:160,6
DA:162,0
DA:177,5
DA:180,5
DA:185,5
DA:188,10
DA:189,10
DA:192,0
DA:198,10
DA:201,5
DA:203,0
DA:206,5
DA:218,10
DA:219,14
DA:222,14
DA:228,14
DA:236,0
DA:241,0
DA:248,7
DA:254,7
DA:264,0
DA:274,1
LF:77
LH:62
BRDA:15,0,0,0
BRDA:15,0,1,0
BRDA:15,1,0,0
BRDA:15,1,1,0
BRDA:15,1,2,0
BRDA:15,2,0,0
BRDA:15,2,1,0
BRDA:15,3,0,0
BRDA:15,3,1,0
BRDA:15,3,2,0
BRDA:15,4,0,0
BRDA:15,4,1,0
BRDA:15,5,0,0
BRDA:15,5,1,0
BRDA:15,6,0,0
BRDA:15,6,1,0
BRDA:15,7,0,0
BRDA:15,7,1,0
BRDA:15,8,0,0
BRDA:15,8,1,0
BRDA:15,9,0,0
BRDA:15,9,1,0
BRDA:15,10,0,0
BRDA:15,10,1,0
BRDA:15,11,0,0
BRDA:15,11,1,0
BRDA:15,11,2,0
BRDA:15,12,0,0
BRDA:15,12,1,0
BRDA:53,13,0,0
BRDA:53,13,1,13
BRDA:56,14,0,2
BRDA:56,14,1,11
BRDA:92,15,0,0
BRDA:92,15,1,0
BRDA:151,16,0,5
BRDA:151,16,1,5
BRDA:153,17,0,5
BRDA:153,17,1,5
BRDA:162,18,0,6
BRDA:162,18,1,5
BRDA:189,19,0,10
BRDA:189,19,1,5
BRDA:192,20,0,10
BRDA:192,20,1,5
BRDA:198,21,0,10
BRDA:198,21,1,5
BRDA:219,22,0,7
BRDA:219,22,1,7
BRDA:231,23,0,0
BRDA:231,23,1,7
BRDA:241,24,0,0
BRDA:241,24,1,0
BRDA:261,25,0,0
BRDA:261,25,1,10
BRDA:264,26,0,0
BRDA:264,26,1,0
BRF:57
BRH:19
end_of_record
TN:
SF:src\modules\shared\pages\NotFoundPage.vue
FN:10,(anonymous_0)
FN:14,(anonymous_1)
FN:33,render
FN:40,(anonymous_3)
FN:52,(anonymous_4)
FN:55,(anonymous_5)
FNF:6
FNH:0
FNDA:0,(anonymous_0)
FNDA:0,(anonymous_1)
FNDA:0,render
FNDA:0,(anonymous_3)
FNDA:0,(anonymous_4)
FNDA:0,(anonymous_5)
DA:4,1
DA:7,1
DA:8,1
DA:11,0
DA:15,0
DA:20,1
DA:22,1
DA:25,1
DA:26,1
DA:27,1
DA:30,1
DA:34,0
DA:35,0
DA:36,0
DA:40,0
DA:52,0
DA:55,0
DA:60,1
LF:18
LH:10
BRDA:40,0,0,0
BRDA:40,0,1,0
BRDA:42,1,0,0
BRDA:42,1,1,0
BRDA:44,2,0,0
BRDA:44,2,1,0
BRDA:55,3,0,0
BRDA:55,3,1,0
BRDA:57,4,0,0
BRDA:57,4,1,0
BRF:10
BRH:0
end_of_record
TN:
SF:src\plugins\csp.js
FNF:0
FNH:0
DA:1,3
LF:1
LH:1
BRF:0
BRH:0
end_of_record
TN:
SF:src\plugins\vuetify.js
FNF:0
FNH:0
LF:0
LH:0
BRF:0
BRH:0
end_of_record
TN:
SF:src\plugins\webfontloader.js
FN:7,loadFonts
FNF:1
FNH:1
FNDA:3,loadFonts
DA:8,3
DA:10,3
LF:2
LH:2
BRF:0
BRH:0
end_of_record
TN:
SF:src\router\router.js
FN:16,(anonymous_0)
FN:24,(anonymous_1)
FN:32,(anonymous_2)
FN:40,(anonymous_3)
FN:53,(anonymous_4)
FN:61,(anonymous_5)
FN:77,(anonymous_6)
FN:85,(anonymous_7)
FN:93,(anonymous_8)
FN:101,(anonymous_9)
FN:109,(anonymous_10)
FN:117,(anonymous_11)
FN:125,(anonymous_12)
FN:133,(anonymous_13)
FN:149,(anonymous_14)
FN:157,(anonymous_15)
FN:162,(anonymous_16)
FN:167,(anonymous_17)
FN:183,(anonymous_18)
FN:197,(anonymous_19)
FN:205,(anonymous_20)
FN:214,(anonymous_21)
FN:226,(anonymous_22)
FN:234,(anonymous_23)
FN:242,(anonymous_24)
FN:250,(anonymous_25)
FN:258,(anonymous_26)
FN:266,(anonymous_27)
FN:274,(anonymous_28)
FN:283,(anonymous_29)
FN:292,(anonymous_30)
FN:301,(anonymous_31)
FN:310,(anonymous_32)
FN:319,(anonymous_33)
FN:329,(anonymous_34)
FN:337,(anonymous_35)
FN:346,(anonymous_36)
FN:357,(anonymous_37)
FN:361,(anonymous_38)
FNF:39
FNH:8
FNDA:6,(anonymous_0)
FNDA:6,(anonymous_1)
FNDA:0,(anonymous_2)
FNDA:0,(anonymous_3)
FNDA:0,(anonymous_4)
FNDA:0,(anonymous_5)
FNDA:0,(anonymous_6)
FNDA:0,(anonymous_7)
FNDA:0,(anonymous_8)
FNDA:0,(anonymous_9)
FNDA:0,(anonymous_10)
FNDA:0,(anonymous_11)
FNDA:0,(anonymous_12)
FNDA:0,(anonymous_13)
FNDA:3,(anonymous_14)
FNDA:2,(anonymous_15)
FNDA:0,(anonymous_16)
FNDA:0,(anonymous_17)
FNDA:1,(anonymous_18)
FNDA:0,(anonymous_19)
FNDA:0,(anonymous_20)
FNDA:0,(anonymous_21)
FNDA:1,(anonymous_22)
FNDA:0,(anonymous_23)
FNDA:0,(anonymous_24)
FNDA:0,(anonymous_25)
FNDA:0,(anonymous_26)
FNDA:0,(anonymous_27)
FNDA:0,(anonymous_28)
FNDA:0,(anonymous_29)
FNDA:0,(anonymous_30)
FNDA:0,(anonymous_31)
FNDA:0,(anonymous_32)
FNDA:0,(anonymous_33)
FNDA:0,(anonymous_34)
FNDA:0,(anonymous_35)
FNDA:0,(anonymous_36)
FNDA:3,(anonymous_37)
FNDA:3,(anonymous_38)
DA:4,4
DA:16,6
DA:24,6
DA:32,0
DA:40,0
DA:53,0
DA:61,0
DA:77,0
DA:85,0
DA:93,0
DA:101,0
DA:109,0
DA:117,0
DA:125,0
DA:133,0
DA:149,3
DA:157,2
DA:162,0
DA:167,0
DA:183,1
DA:197,0
DA:205,0
DA:214,0
DA:226,1
DA:234,0
DA:242,0
DA:250,0
DA:258,0
DA:266,0
DA:274,0
DA:283,0
DA:292,0
DA:301,0
DA:310,0
DA:319,0
DA:329,0
DA:337,0
DA:346,0
DA:351,4
DA:357,4
DA:358,3
DA:361,4
DA:363,3
DA:365,3
DA:366,3
DA:368,3
DA:369,0
DA:371,3
DA:373,3
LF:49
LH:17
BRDA:368,0,0,0
BRDA:368,0,1,3
BRDA:368,1,0,3
BRDA:368,1,1,0
BRF:4
BRH:2
end_of_record
TN:
SF:src\store\languajeStore.js
FN:5,setLanguage
FNF:1
FNH:0
FNDA:0,setLanguage
DA:3,3
DA:6,0
LF:2
LH:1
BRF:0
BRH:0
end_of_record
TN:
SF:src\store\store.js
FN:5,(anonymous_0)
FN:13,(anonymous_1)
FN:39,(anonymous_2)
FN:53,(anonymous_3)
FN:64,(anonymous_4)
FN:65,(anonymous_5)
FN:70,(anonymous_6)
FN:93,(anonymous_7)
FNF:8
FNH:2
FNDA:4,(anonymous_0)
FNDA:0,(anonymous_1)
FNDA:0,(anonymous_2)
FNDA:0,(anonymous_3)
FNDA:0,(anonymous_4)
FNDA:0,(anonymous_5)
FNDA:0,(anonymous_6)
FNDA:2,(anonymous_7)
DA:5,2
DA:6,4
DA:7,4
DA:8,4
DA:9,4
DA:10,4
DA:11,4
DA:13,4
DA:14,0
DA:19,0
DA:20,0
DA:21,0
DA:23,0
DA:24,0
DA:25,0
DA:26,0
DA:27,0
DA:28,0
DA:30,0
DA:31,0
DA:33,0
DA:34,0
DA:35,0
DA:36,0
DA:39,4
DA:40,0
DA:41,0
DA:42,0
DA:43,0
DA:45,0
DA:47,0
DA:50,0
DA:53,4
DA:54,0
DA:55,0
DA:56,0
DA:57,0
DA:58,0
DA:59,0
DA:60,0
DA:64,4
DA:65,0
DA:66,0
DA:70,4
DA:71,0
DA:73,0
DA:81,0
DA:82,0
DA:83,0
DA:84,0
DA:85,0
DA:86,0
DA:87,0
DA:88,0
DA:90,0
DA:93,4
DA:94,2
DA:95,2
DA:96,0
DA:97,0
DA:101,4
LF:61
LH:16
BRDA:95,0,0,0
BRDA:95,0,1,2
BRF:2
BRH:1
end_of_record
